This is pdfTeX, Version 3.14159265-2.6-1.40.21 (TeX Live 2020) (preloaded format=pdflatex 2020.4.7)  21 DEC 2022 17:40
entering extended mode
 restricted \write18 enabled.
 %&-line parsing enabled.
**journal.tex
(./journal.tex
LaTeX2e <2020-02-02> patch level 5
L3 programming layer <2020-03-06>
(/usr/local/texlive/2020/texmf-dist/tex/latex/base/article.cls
Document Class: article 2019/12/20 v1.4l Standard LaTeX document class
(/usr/local/texlive/2020/texmf-dist/tex/latex/base/size10.clo
File: size10.clo 2019/12/20 v1.4l Standard LaTeX file (size option)
)
\c@part=\count167
\c@section=\count168
\c@subsection=\count169
\c@subsubsection=\count170
\c@paragraph=\count171
\c@subparagraph=\count172
\c@figure=\count173
\c@table=\count174
\abovecaptionskip=\skip47
\belowcaptionskip=\skip48
\bibindent=\dimen134
)
(/usr/local/texlive/2020/texmf-dist/tex/latex/base/inputenc.sty
Package: inputenc 2018/08/11 v1.3c Input encoding file
\inpenc@prehook=\toks15
\inpenc@posthook=\toks16
)
(./preamble.tex
(/usr/local/texlive/2020/texmf-dist/tex/latex/booktabs/booktabs.sty
Package: booktabs 2020/01/12 v1.61803398 Publication quality tables
\heavyrulewidth=\dimen135
\lightrulewidth=\dimen136
\cmidrulewidth=\dimen137
\belowrulesep=\dimen138
\belowbottomsep=\dimen139
\aboverulesep=\dimen140
\abovetopsep=\dimen141
\cmidrulesep=\dimen142
\cmidrulekern=\dimen143
\defaultaddspace=\dimen144
\@cmidla=\count175
\@cmidlb=\count176
\@aboverulesep=\dimen145
\@belowrulesep=\dimen146
\@thisruleclass=\count177
\@lastruleclass=\count178
\@thisrulewidth=\dimen147
)
(/usr/local/texlive/2020/texmf-dist/tex/latex/graphics/graphicx.sty
Package: graphicx 2019/11/30 v1.2a Enhanced LaTeX Graphics (DPC,SPQR)

(/usr/local/texlive/2020/texmf-dist/tex/latex/graphics/keyval.sty
Package: keyval 2014/10/28 v1.15 key=value parser (DPC)
\KV@toks@=\toks17
)
(/usr/local/texlive/2020/texmf-dist/tex/latex/graphics/graphics.sty
Package: graphics 2019/11/30 v1.4a Standard LaTeX Graphics (DPC,SPQR)

(/usr/local/texlive/2020/texmf-dist/tex/latex/graphics/trig.sty
Package: trig 2016/01/03 v1.10 sin cos tan (DPC)
)
(/usr/local/texlive/2020/texmf-dist/tex/latex/graphics-cfg/graphics.cfg
File: graphics.cfg 2016/06/04 v1.11 sample graphics configuration
)
Package graphics Info: Driver file: pdftex.def on input line 105.

(/usr/local/texlive/2020/texmf-dist/tex/latex/graphics-def/pdftex.def
File: pdftex.def 2018/01/08 v1.0l Graphics/color driver for pdftex
))
\Gin@req@height=\dimen148
\Gin@req@width=\dimen149
)
(/usr/local/texlive/2020/texmf-dist/tex/latex/xcolor/xcolor.sty
Package: xcolor 2016/05/11 v2.12 LaTeX color extensions (UK)

(/usr/local/texlive/2020/texmf-dist/tex/latex/graphics-cfg/color.cfg
File: color.cfg 2016/01/02 v1.6 sample color configuration
)
Package xcolor Info: Driver file: pdftex.def on input line 225.
Package xcolor Info: Model `cmy' substituted by `cmy0' on input line 1348.
Package xcolor Info: Model `hsb' substituted by `rgb' on input line 1352.
Package xcolor Info: Model `RGB' extended on input line 1364.
Package xcolor Info: Model `HTML' substituted by `rgb' on input line 1366.
Package xcolor Info: Model `Hsb' substituted by `hsb' on input line 1367.
Package xcolor Info: Model `tHsb' substituted by `hsb' on input line 1368.
Package xcolor Info: Model `HSB' substituted by `hsb' on input line 1369.
Package xcolor Info: Model `Gray' substituted by `gray' on input line 1370.
Package xcolor Info: Model `wave' substituted by `hsb' on input line 1371.
)
(/usr/local/texlive/2020/texmf-dist/tex/latex/hyperref/hyperref.sty
Package: hyperref 2020/01/14 v7.00d Hypertext links for LaTeX

(/usr/local/texlive/2020/texmf-dist/tex/generic/ltxcmds/ltxcmds.sty
Package: ltxcmds 2019/12/15 v1.24 LaTeX kernel commands for general use (HO)
)
(/usr/local/texlive/2020/texmf-dist/tex/generic/iftex/iftex.sty
Package: iftex 2020/03/06 v1.0d TeX engine tests
)
(/usr/local/texlive/2020/texmf-dist/tex/latex/pdftexcmds/pdftexcmds.sty
Package: pdftexcmds 2019/11/24 v0.31 Utility functions of pdfTeX for LuaTeX (HO
)

(/usr/local/texlive/2020/texmf-dist/tex/generic/infwarerr/infwarerr.sty
Package: infwarerr 2019/12/03 v1.5 Providing info/warning/error messages (HO)
)
Package pdftexcmds Info: \pdf@primitive is available.
Package pdftexcmds Info: \pdf@ifprimitive is available.
Package pdftexcmds Info: \pdfdraftmode found.
)
(/usr/local/texlive/2020/texmf-dist/tex/generic/kvsetkeys/kvsetkeys.sty
Package: kvsetkeys 2019/12/15 v1.18 Key value parser (HO)
)
(/usr/local/texlive/2020/texmf-dist/tex/generic/kvdefinekeys/kvdefinekeys.sty
Package: kvdefinekeys 2019-12-19 v1.6 Define keys (HO)
)
(/usr/local/texlive/2020/texmf-dist/tex/generic/pdfescape/pdfescape.sty
Package: pdfescape 2019/12/09 v1.15 Implements pdfTeX's escape features (HO)
)
(/usr/local/texlive/2020/texmf-dist/tex/latex/hycolor/hycolor.sty
Package: hycolor 2020-01-27 v1.10 Color options for hyperref/bookmark (HO)
)
(/usr/local/texlive/2020/texmf-dist/tex/latex/letltxmacro/letltxmacro.sty
Package: letltxmacro 2019/12/03 v1.6 Let assignment for LaTeX macros (HO)
)
(/usr/local/texlive/2020/texmf-dist/tex/latex/auxhook/auxhook.sty
Package: auxhook 2019-12-17 v1.6 Hooks for auxiliary files (HO)
)
(/usr/local/texlive/2020/texmf-dist/tex/latex/kvoptions/kvoptions.sty
Package: kvoptions 2019/11/29 v3.13 Key value format for package options (HO)
)
\@linkdim=\dimen150
\Hy@linkcounter=\count179
\Hy@pagecounter=\count180

(/usr/local/texlive/2020/texmf-dist/tex/latex/hyperref/pd1enc.def
File: pd1enc.def 2020/01/14 v7.00d Hyperref: PDFDocEncoding definition (HO)
Now handling font encoding PD1 ...
... no UTF-8 mapping file for font encoding PD1
)
(/usr/local/texlive/2020/texmf-dist/tex/generic/intcalc/intcalc.sty
Package: intcalc 2019/12/15 v1.3 Expandable calculations with integers (HO)
)
(/usr/local/texlive/2020/texmf-dist/tex/generic/etexcmds/etexcmds.sty
Package: etexcmds 2019/12/15 v1.7 Avoid name clashes with e-TeX commands (HO)
)
\Hy@SavedSpaceFactor=\count181
Package hyperref Info: Option `breaklinks' set `true' on input line 4421.
Package hyperref Info: Option `colorlinks' set `true' on input line 4421.
Package hyperref Info: Hyper figures OFF on input line 4547.
Package hyperref Info: Link nesting OFF on input line 4552.
Package hyperref Info: Hyper index ON on input line 4555.
Package hyperref Info: Plain pages OFF on input line 4562.
Package hyperref Info: Backreferencing OFF on input line 4567.
Package hyperref Info: Implicit mode ON; LaTeX internals redefined.
Package hyperref Info: Bookmarks ON on input line 4800.
\c@Hy@tempcnt=\count182

(/usr/local/texlive/2020/texmf-dist/tex/latex/url/url.sty
\Urlmuskip=\muskip16
Package: url 2013/09/16  ver 3.4  Verb mode for urls, etc.
)
LaTeX Info: Redefining \url on input line 5159.
\XeTeXLinkMargin=\dimen151

(/usr/local/texlive/2020/texmf-dist/tex/generic/bitset/bitset.sty
Package: bitset 2019/12/09 v1.3 Handle bit-vector datatype (HO)

(/usr/local/texlive/2020/texmf-dist/tex/generic/bigintcalc/bigintcalc.sty
Package: bigintcalc 2019/12/15 v1.5 Expandable calculations on big integers (HO
)
))
\Fld@menulength=\count183
\Field@Width=\dimen152
\Fld@charsize=\dimen153
Package hyperref Info: Hyper figures OFF on input line 6430.
Package hyperref Info: Link nesting OFF on input line 6435.
Package hyperref Info: Hyper index ON on input line 6438.
Package hyperref Info: backreferencing OFF on input line 6445.
Package hyperref Info: Link coloring ON on input line 6448.
Package hyperref Info: Link coloring with OCG OFF on input line 6455.
Package hyperref Info: PDF/A mode OFF on input line 6460.
LaTeX Info: Redefining \ref on input line 6500.
LaTeX Info: Redefining \pageref on input line 6504.

(/usr/local/texlive/2020/texmf-dist/tex/generic/atbegshi/atbegshi.sty
Package: atbegshi 2019/12/05 v1.19 At begin shipout hook (HO)
)
\Hy@abspage=\count184
\c@Item=\count185
\c@Hfootnote=\count186
)
Package hyperref Info: Driver (autodetected): hpdftex.

(/usr/local/texlive/2020/texmf-dist/tex/latex/hyperref/hpdftex.def
File: hpdftex.def 2020/01/14 v7.00d Hyperref driver for pdfTeX

(/usr/local/texlive/2020/texmf-dist/tex/latex/atveryend/atveryend.sty
Package: atveryend 2019-12-11 v1.11 Hooks at the very end of document (HO)
Package atveryend Info: \enddocument detected (standard20110627).
)
\Fld@listcount=\count187
\c@bookmark@seq@number=\count188

(/usr/local/texlive/2020/texmf-dist/tex/latex/rerunfilecheck/rerunfilecheck.sty
Package: rerunfilecheck 2019/12/05 v1.9 Rerun checks for auxiliary files (HO)

(/usr/local/texlive/2020/texmf-dist/tex/generic/uniquecounter/uniquecounter.sty
Package: uniquecounter 2019/12/15 v1.4 Provide unlimited unique counter (HO)
)
Package uniquecounter Info: New unique counter `rerunfilecheck' on input line 2
86.
)
\Hy@SectionHShift=\skip49
) (/usr/local/texlive/2020/texmf-dist/tex/latex/doi/doi.sty
Package: doi 2018/09/09 handle doi numbers
)
(/usr/local/texlive/2020/texmf-dist/tex/latex/natbib/natbib.sty
Package: natbib 2010/09/13 8.31b (PWD, AO)
\bibhang=\skip50
\bibsep=\skip51
LaTeX Info: Redefining \cite on input line 694.
\c@NAT@ctr=\count189
)
(/usr/local/texlive/2020/texmf-dist/tex/latex/amscls/amsthm.sty
Package: amsthm 2017/10/31 v2.20.4
\thm@style=\toks18
\thm@bodyfont=\toks19
\thm@headfont=\toks20
\thm@notefont=\toks21
\thm@headpunct=\toks22
\thm@preskip=\skip52
\thm@postskip=\skip53
\thm@headsep=\skip54
\dth@everypar=\toks23
)
(/usr/local/texlive/2020/texmf-dist/tex/latex/amsmath/amsmath.sty
Package: amsmath 2020/01/20 v2.17e AMS math features
\@mathmargin=\skip55

For additional information on amsmath, use the `?' option.
(/usr/local/texlive/2020/texmf-dist/tex/latex/amsmath/amstext.sty
Package: amstext 2000/06/29 v2.01 AMS text

(/usr/local/texlive/2020/texmf-dist/tex/latex/amsmath/amsgen.sty
File: amsgen.sty 1999/11/30 v2.0 generic functions
\@emptytoks=\toks24
\ex@=\dimen154
))
(/usr/local/texlive/2020/texmf-dist/tex/latex/amsmath/amsbsy.sty
Package: amsbsy 1999/11/29 v1.2d Bold Symbols
\pmbraise@=\dimen155
)
(/usr/local/texlive/2020/texmf-dist/tex/latex/amsmath/amsopn.sty
Package: amsopn 2016/03/08 v2.02 operator names
)
\inf@bad=\count190
LaTeX Info: Redefining \frac on input line 227.
\uproot@=\count191
\leftroot@=\count192
LaTeX Info: Redefining \overline on input line 389.
\classnum@=\count193
\DOTSCASE@=\count194
LaTeX Info: Redefining \ldots on input line 486.
LaTeX Info: Redefining \dots on input line 489.
LaTeX Info: Redefining \cdots on input line 610.
\Mathstrutbox@=\box45
\strutbox@=\box46
\big@size=\dimen156
LaTeX Font Info:    Redeclaring font encoding OML on input line 733.
LaTeX Font Info:    Redeclaring font encoding OMS on input line 734.
\macc@depth=\count195
\c@MaxMatrixCols=\count196
\dotsspace@=\muskip17
\c@parentequation=\count197
\dspbrk@lvl=\count198
\tag@help=\toks25
\row@=\count199
\column@=\count266
\maxfields@=\count267
\andhelp@=\toks26
\eqnshift@=\dimen157
\alignsep@=\dimen158
\tagshift@=\dimen159
\tagwidth@=\dimen160
\totwidth@=\dimen161
\lineht@=\dimen162
\@envbody=\toks27
\multlinegap=\skip56
\multlinetaggap=\skip57
\mathdisplay@stack=\toks28
LaTeX Info: Redefining \[ on input line 2859.
LaTeX Info: Redefining \] on input line 2860.
)
(/usr/local/texlive/2020/texmf-dist/tex/latex/amsfonts/amssymb.sty
Package: amssymb 2013/01/14 v3.01 AMS font symbols

(/usr/local/texlive/2020/texmf-dist/tex/latex/amsfonts/amsfonts.sty
Package: amsfonts 2013/01/14 v3.01 Basic AMSFonts support
\symAMSa=\mathgroup4
\symAMSb=\mathgroup5
LaTeX Font Info:    Redeclaring math symbol \hbar on input line 98.
LaTeX Font Info:    Overwriting math alphabet `\mathfrak' in version `bold'
(Font)                  U/euf/m/n --> U/euf/b/n on input line 106.
))
(/usr/local/texlive/2020/texmf-dist/tex/latex/tools/afterpage.sty
Package: afterpage 2014/10/28 v1.08 After-Page Package (DPC)
\AP@output=\toks29
\AP@partial=\box47
\AP@footins=\box48
)
(/usr/local/texlive/2020/texmf-dist/tex/latex/graphics/rotating.sty
Package: rotating 2016/08/11 v2.16d rotated objects in LaTeX

(/usr/local/texlive/2020/texmf-dist/tex/latex/base/ifthen.sty
Package: ifthen 2014/09/29 v1.1c Standard LaTeX ifthen package (DPC)
)
\c@r@tfl@t=\count268
\rotFPtop=\skip58
\rotFPbot=\skip59
\rot@float@box=\box49
\rot@mess@toks=\toks30
)
(/usr/local/texlive/2020/texmf-dist/tex/latex/pdflscape/pdflscape.sty
Package: pdflscape 2019/12/05 v0.12 Display of landscape pages in PDF (HO)

(/usr/local/texlive/2020/texmf-dist/tex/latex/graphics/lscape.sty
Package: lscape 2000/10/22 v3.01 Landscape Pages (DPC)
)
Package pdflscape Info: Auto-detected driver: pdftex on input line 81.
)
(/usr/local/texlive/2020/texmf-dist/tex/latex/cleveref/cleveref.sty
Package: cleveref 2018/03/27 v0.21.4 Intelligent cross-referencing
Package cleveref Info: `hyperref' support loaded on input line 2370.
LaTeX Info: Redefining \cref on input line 2370.
LaTeX Info: Redefining \Cref on input line 2370.
LaTeX Info: Redefining \crefrange on input line 2370.
LaTeX Info: Redefining \Crefrange on input line 2370.
LaTeX Info: Redefining \cpageref on input line 2370.
LaTeX Info: Redefining \Cpageref on input line 2370.
LaTeX Info: Redefining \cpagerefrange on input line 2370.
LaTeX Info: Redefining \Cpagerefrange on input line 2370.
LaTeX Info: Redefining \labelcref on input line 2370.
LaTeX Info: Redefining \labelcpageref on input line 2370.
Package cleveref Info: `amsthm' support loaded on input line 3026.
)
(/usr/local/texlive/2020/texmf-dist/tex/latex/geometry/geometry.sty
Package: geometry 2020/01/02 v5.9 Page Geometry

(/usr/local/texlive/2020/texmf-dist/tex/generic/iftex/ifvtex.sty
Package: ifvtex 2019/10/25 v1.7 ifvtex legacy package. Use iftex instead.
)
\Gm@cnth=\count269
\Gm@cntv=\count270
\c@Gm@tempcnt=\count271
\Gm@bindingoffset=\dimen163
\Gm@wd@mp=\dimen164
\Gm@odd@mp=\dimen165
\Gm@even@mp=\dimen166
\Gm@layoutwidth=\dimen167
\Gm@layoutheight=\dimen168
\Gm@layouthoffset=\dimen169
\Gm@layoutvoffset=\dimen170
\Gm@dimlist=\toks31
)
(/usr/local/texlive/2020/texmf-dist/tex/latex/subfigure/subfigure.sty
Package: subfigure 2002/03/15 v2.1.5 subfigure package
\subfigtopskip=\skip60
\subfigcapskip=\skip61
\subfigcaptopadj=\dimen171
\subfigbottomskip=\skip62
\subfigcapmargin=\dimen172
\subfiglabelskip=\skip63
\c@subfigure=\count272
\c@lofdepth=\count273
\c@subtable=\count274
\c@lotdepth=\count275

****************************************
* Local config file subfigure.cfg used *
****************************************
(/usr/local/texlive/2020/texmf-dist/tex/latex/subfigure/subfigure.cfg)
\subfig@top=\skip64
\subfig@bottom=\skip65
)
(/usr/local/texlive/2020/texmf-dist/tex/latex/marginnote/marginnote.sty
Package: marginnote 2018/08/09 v1.4b non floating margin notes for LaTeX
\c@mn@abspage=\count276
)
(/usr/local/texlive/2020/texmf-dist/tex/latex/algorithm2e/algorithm2e.sty
Package: algorithm2e 2017/07/18 v5.2 algorithms environments
\c@AlgoLine=\count277
\algocf@hangindent=\skip66

(/usr/local/texlive/2020/texmf-dist/tex/latex/ifoddpage/ifoddpage.sty
Package: ifoddpage 2016/04/23 v1.1 Conditionals for odd/even page detection
\c@checkoddpage=\count278
)
(/usr/local/texlive/2020/texmf-dist/tex/latex/tools/xspace.sty
Package: xspace 2014/10/28 v1.13 Space after command names (DPC,MH)
)
(/usr/local/texlive/2020/texmf-dist/tex/latex/relsize/relsize.sty
Package: relsize 2013/03/29 ver 4.1
)
\skiptotal=\skip67
\skiplinenumber=\skip68
\skiprule=\skip69
\skiphlne=\skip70
\skiptext=\skip71
\skiplength=\skip72
\algomargin=\skip73
\skipalgocfslide=\skip74
\algowidth=\dimen173
\inoutsize=\dimen174
\inoutindent=\dimen175
\interspacetitleruled=\dimen176
\interspacealgoruled=\dimen177
\interspacetitleboxruled=\dimen178
\algocf@ruledwidth=\skip75
\algocf@inoutbox=\box50
\algocf@inputbox=\box51
\AlCapSkip=\skip76
\AlCapHSkip=\skip77
\algoskipindent=\skip78
\algocf@nlbox=\box52
\algocf@hangingbox=\box53
\algocf@untilbox=\box54
\algocf@skipuntil=\skip79
\algocf@capbox=\box55
\algocf@lcaptionbox=\skip80
\algoheightruledefault=\skip81
\algoheightrule=\skip82
\algotitleheightruledefault=\skip83
\algotitleheightrule=\skip84
\c@algocfline=\count279
\c@algocfproc=\count280
\c@algocf=\count281
\algocf@algoframe=\box56
\algocf@algobox=\box57
)
(/usr/local/texlive/2020/texmf-dist/tex/latex/tools/bm.sty
Package: bm 2019/07/24 v1.2d Bold Symbol Support (DPC/FMi)
\symboldoperators=\mathgroup6
\symboldletters=\mathgroup7
\symboldsymbols=\mathgroup8
LaTeX Font Info:    Redeclaring math alphabet \mathbf on input line 141.
LaTeX Info: Redefining \bm on input line 209.
)
(/usr/local/texlive/2020/texmf-dist/tex/latex/lipsum/lipsum.sty
(/usr/local/texlive/2020/texmf-dist/tex/latex/l3kernel/expl3.sty
Package: expl3 2020-03-06 L3 programming layer (loader) 

(/usr/local/texlive/2020/texmf-dist/tex/latex/l3backend/l3backend-pdfmode.def
File: l3backend-pdfmode.def 2020-03-12 L3 backend support: PDF mode
\l__kernel_color_stack_int=\count282
\l__pdf_internal_box=\box58
)) (/usr/local/texlive/2020/texmf-dist/tex/latex/l3packages/xparse/xparse.sty
Package: xparse 2020-03-06 L3 Experimental document command parser
\l__xparse_current_arg_int=\count283
\g__xparse_grabber_int=\count284
\l__xparse_m_args_int=\count285
\l__xparse_v_nesting_int=\count286
)
Package: lipsum 2019/01/02 v2.2 150 paragraphs of Lorem Ipsum dummy text

(/usr/local/texlive/2020/texmf-dist/tex/latex/lipsum/lipsum.ltd.tex
File: lipsum.ltd.tex 2019/01/02 v2.2 The Lorem ipsum dummy text
))
\c@theorem=\count287
\c@definition=\count288
)
\c@corollary=\count289

(./journal.aux)
\openout1 = `journal.aux'.

LaTeX Font Info:    Checking defaults for OML/cmm/m/it on input line 12.
LaTeX Font Info:    ... okay on input line 12.
LaTeX Font Info:    Checking defaults for OMS/cmsy/m/n on input line 12.
LaTeX Font Info:    ... okay on input line 12.
LaTeX Font Info:    Checking defaults for OT1/cmr/m/n on input line 12.
LaTeX Font Info:    ... okay on input line 12.
LaTeX Font Info:    Checking defaults for T1/cmr/m/n on input line 12.
LaTeX Font Info:    ... okay on input line 12.
LaTeX Font Info:    Checking defaults for TS1/cmr/m/n on input line 12.
LaTeX Font Info:    ... okay on input line 12.
LaTeX Font Info:    Checking defaults for OMX/cmex/m/n on input line 12.
LaTeX Font Info:    ... okay on input line 12.
LaTeX Font Info:    Checking defaults for U/cmr/m/n on input line 12.
LaTeX Font Info:    ... okay on input line 12.
LaTeX Font Info:    Checking defaults for PD1/pdf/m/n on input line 12.
LaTeX Font Info:    ... okay on input line 12.

(/usr/local/texlive/2020/texmf-dist/tex/context/base/mkii/supp-pdf.mkii
[Loading MPS to PDF converter (version 2006.09.02).]
\scratchcounter=\count290
\scratchdimen=\dimen179
\scratchbox=\box59
\nofMPsegments=\count291
\nofMParguments=\count292
\everyMPshowfont=\toks32
\MPscratchCnt=\count293
\MPscratchDim=\dimen180
\MPnumerator=\count294
\makeMPintoPDFobject=\count295
\everyMPtoPDFconversion=\toks33
) (/usr/local/texlive/2020/texmf-dist/tex/latex/epstopdf-pkg/epstopdf-base.sty
Package: epstopdf-base 2020-01-24 v2.11 Base part for package epstopdf
Package epstopdf-base Info: Redefining graphics rule for `.eps' on input line 4
85.

(/usr/local/texlive/2020/texmf-dist/tex/latex/latexconfig/epstopdf-sys.cfg
File: epstopdf-sys.cfg 2010/07/13 v1.3 Configuration of (r)epstopdf for TeX Liv
e
))
\AtBeginShipoutBox=\box60
Package hyperref Info: Link coloring ON on input line 12.

(/usr/local/texlive/2020/texmf-dist/tex/latex/hyperref/nameref.sty
Package: nameref 2019/09/16 v2.46 Cross-referencing by name of section

(/usr/local/texlive/2020/texmf-dist/tex/latex/refcount/refcount.sty
Package: refcount 2019/12/15 v3.6 Data extraction from label references (HO)
)
(/usr/local/texlive/2020/texmf-dist/tex/generic/gettitlestring/gettitlestring.s
ty
Package: gettitlestring 2019/12/15 v1.6 Cleanup title references (HO)
)
\c@section@level=\count296
)
LaTeX Info: Redefining \ref on input line 12.
LaTeX Info: Redefining \pageref on input line 12.
LaTeX Info: Redefining \nameref on input line 12.
 (./journal.out) (./journal.out)
\@outlinefile=\write3
\openout3 = `journal.out'.


*geometry* driver: auto-detecting
*geometry* detected driver: pdftex
*geometry* verbose mode - [ preamble ] result:
* driver: pdftex
* paper: <default>
* layout: <same size as paper>
* layoutoffset:(h,v)=(0.0pt,0.0pt)
* modes: 
* h-part:(L,W,R)=(86.00146pt, 442.29207pt, 86.00146pt)
* v-part:(T,H,B)=(86.00146pt, 622.96706pt, 86.00146pt)
* \paperwidth=614.295pt
* \paperheight=794.96999pt
* \textwidth=442.29207pt
* \textheight=622.96706pt
* \oddsidemargin=13.73148pt
* \evensidemargin=13.73148pt
* \topmargin=-23.26852pt
* \headheight=12.0pt
* \headsep=25.0pt
* \topskip=10.0pt
* \footskip=30.0pt
* \marginparwidth=65.0pt
* \marginparsep=11.0pt
* \columnsep=10.0pt
* \skip\footins=9.0pt plus 4.0pt minus 2.0pt
* \hoffset=0.0pt
* \voffset=0.0pt
* \mag=1000
* \@twocolumnfalse
* \@twosidefalse
* \@mparswitchfalse
* \@reversemarginfalse
* (1in=72.27pt=25.4mm, 1cm=28.453pt)

LaTeX Font Info:    Trying to load font information for U+msa on input line 15.

(/usr/local/texlive/2020/texmf-dist/tex/latex/amsfonts/umsa.fd
File: umsa.fd 2013/01/14 v3.01 AMS symbols A
)
LaTeX Font Info:    Trying to load font information for U+msb on input line 15.


(/usr/local/texlive/2020/texmf-dist/tex/latex/amsfonts/umsb.fd
File: umsb.fd 2013/01/14 v3.01 AMS symbols B
)

Package natbib Warning: Citation `LMW2019AN' on page 1 undefined on input line 
53.


Package natbib Warning: Citation `LMW2019AN' on page 1 undefined on input line 
55.

[1

{/usr/local/texlive/2020/texmf-var/fonts/map/pdftex/updmap/pdftex.map}]
Overfull \hbox (2.59354pt too wide) in paragraph at lines 117--119
\OT1/cmr/m/n/10 Zoom: [][]$\OT1/cmtt/m/n/10 https : / / us02web . zoom . us / j
 / 83111019500 ? pwd = Qzg5aDlFVUZJZnpLVHdBeERGZ0M0Zz09$[][] 
 []

[2]
Overfull \hbox (2.59354pt too wide) in paragraph at lines 136--138
\OT1/cmr/m/n/10 Zoom: [][]$\OT1/cmtt/m/n/10 https : / / us02web . zoom . us / j
 / 89384520983 ? pwd = MTlSM1Y1TUhLY1Brd1BRZjJPS3VDUT09$[][] 
 []

[3]
Underfull \hbox (badness 10000) in paragraph at lines 180--182

 []


Underfull \hbox (badness 10000) in paragraph at lines 192--193

 []


Underfull \hbox (badness 10000) in paragraph at lines 222--222

 []


Underfull \hbox (badness 10000) in paragraph at lines 224--225

 []

[4]

Package natbib Warning: Citation `Nesterov2015' on page 5 undefined on input li
ne 257.


Underfull \hbox (badness 10000) in paragraph at lines 257--258

 []


Package natbib Warning: Citation `Nesterov2015' on page 5 undefined on input li
ne 263.

[5]
Underfull \hbox (badness 10000) in paragraph at lines 302--303

 []


Underfull \hbox (badness 10000) in paragraph at lines 358--359

 []

[6]
Underfull \hbox (badness 10000) in paragraph at lines 388--389

 []

[7]

Package hyperref Warning: Difference (2) between bookmark levels is greater 
(hyperref)                than one, level fixed on input line 420.


Package natbib Warning: Citation `Nesterov2015' on page 8 undefined on input li
ne 422.


Underfull \hbox (badness 10000) in paragraph at lines 422--423

 []


Underfull \hbox (badness 10000) in paragraph at lines 424--425

 []


Underfull \hbox (badness 10000) in paragraph at lines 426--427

 []


Package natbib Warning: Citation `Nesterov2015' on page 8 undefined on input li
ne 428.


Underfull \hbox (badness 10000) in paragraph at lines 447--448

 []

[8]

Package natbib Warning: Citation `Nesterov2015' on page 9 undefined on input li
ne 451.


Underfull \hbox (badness 10000) in paragraph at lines 465--467

 []


Package natbib Warning: Citation `Nesterov2015' on page 9 undefined on input li
ne 468.


Underfull \hbox (badness 10000) in paragraph at lines 468--469

 []


Package natbib Warning: Citation `Matyas1965' on page 9 undefined on input line
 471.


Package natbib Warning: Citation `dorea1983' on page 9 undefined on input line 
474.


Package natbib Warning: Citation `sarma1990' on page 9 undefined on input line 
474.


Underfull \hbox (badness 10000) in paragraph at lines 472--475

 []


Package hyperref Warning: Difference (2) between bookmark levels is greater 
(hyperref)                than one, level fixed on input line 484.

[9]

Package natbib Warning: Citation `Nesterov2015' on page 10 undefined on input l
ine 513.


Package natbib Warning: Citation `Nesterov2015' on page 10 undefined on input l
ine 517.


Underfull \hbox (badness 10000) in paragraph at lines 516--518

 []


Underfull \hbox (badness 10000) in paragraph at lines 519--520

 []


Underfull \hbox (badness 10000) in paragraph at lines 527--528

 []


Package natbib Warning: Citation `Nesterov2015' on page 10 undefined on input l
ine 529.


Underfull \hbox (badness 10000) in paragraph at lines 529--530

 []

[10]

Package natbib Warning: Citation `Nesterov2015' on page 11 undefined on input l
ine 556.


Underfull \hbox (badness 10000) in paragraph at lines 556--557

 []


Underfull \hbox (badness 10000) in paragraph at lines 558--559

 []


Underfull \hbox (badness 10000) in paragraph at lines 566--567

 []


Underfull \hbox (badness 10000) in paragraph at lines 572--573

 []


Underfull \hbox (badness 10000) in paragraph at lines 574--575

 []


Package natbib Warning: Citation `Nesterov2015' on page 11 undefined on input l
ine 576.


Underfull \hbox (badness 10000) in paragraph at lines 576--577

 []


Underfull \hbox (badness 10000) in paragraph at lines 578--579

 []

[11]

Package natbib Warning: Citation `Nesterov2015' on page 12 undefined on input l
ine 584.


Underfull \hbox (badness 10000) in paragraph at lines 584--585

 []


Underfull \hbox (badness 10000) in paragraph at lines 586--587

 []


Package natbib Warning: Citation `Nesterov2015' on page 12 undefined on input l
ine 588.


Underfull \hbox (badness 10000) in paragraph at lines 588--589

 []


Underfull \hbox (badness 10000) in paragraph at lines 595--596

 []


Underfull \hbox (badness 10000) in paragraph at lines 600--601

 []


Underfull \hbox (badness 10000) in paragraph at lines 612--613

 []

[12]
Overfull \hbox (219.2053pt too wide) in paragraph at lines 615--623
[][]|| 
 []


Package hyperref Warning: Difference (2) between bookmark levels is greater 
(hyperref)                than one, level fixed on input line 630.


Underfull \hbox (badness 10000) in paragraph at lines 632--633

 []

[13]
Underfull \hbox (badness 10000) in paragraph at lines 675--676

 []


Underfull \hbox (badness 10000) in paragraph at lines 682--683

 []


Underfull \hbox (badness 10000) in paragraph at lines 694--695

 []


Package natbib Warning: Citation `Nesterov2015' on page 14 undefined on input l
ine 698.


Underfull \hbox (badness 10000) in paragraph at lines 698--699

 []


Underfull \hbox (badness 10000) in paragraph at lines 700--703

 []

[14]
Underfull \hbox (badness 10000) in paragraph at lines 709--710

 []


Underfull \hbox (badness 10000) in paragraph at lines 713--714

 []


Package natbib Warning: Citation `Nesterov2015' on page 15 undefined on input l
ine 731.


Package natbib Warning: Citation `Nesterov2015' on page 15 undefined on input l
ine 731.


Package natbib Warning: Citation `Nesterov2015' on page 15 undefined on input l
ine 731.


Underfull \hbox (badness 10000) in paragraph at lines 731--732

 []


Underfull \hbox (badness 10000) in paragraph at lines 733--734

 []

<tex_images/zerothorder_composite_LS.png, id=481, 395.4775pt x 283.0575pt>
File: tex_images/zerothorder_composite_LS.png Graphic file (type png)
<use tex_images/zerothorder_composite_LS.png>
Package pdftex.def Info: tex_images/zerothorder_composite_LS.png  used on input
 line 735.
(pdftex.def)             Requested size: 395.47653pt x 283.0568pt.
[15]
Underfull \hbox (badness 10000) in paragraph at lines 737--738

 []

<tex_images/zerothorder_composite_Rosenbrock.png, id=490, 395.4775pt x 283.0575
pt>
File: tex_images/zerothorder_composite_Rosenbrock.png Graphic file (type png)
<use tex_images/zerothorder_composite_Rosenbrock.png>
Package pdftex.def Info: tex_images/zerothorder_composite_Rosenbrock.png  used 
on input line 739.
(pdftex.def)             Requested size: 395.47653pt x 283.0568pt.

Package natbib Warning: Citation `Nesterov2015' on page 16 undefined on input l
ine 747.

[16 <./tex_images/zerothorder_composite_LS.png> <./tex_images/zerothorder_compo
site_Rosenbrock.png>]

Package natbib Warning: Citation `Nesterov2015' on page 17 undefined on input l
ine 768.

[17]
Underfull \hbox (badness 10000) in paragraph at lines 785--786

 []


Package natbib Warning: Citation `Nesterov2015' on page 18 undefined on input l
ine 787.


Underfull \hbox (badness 10000) in paragraph at lines 801--802

 []

[18]
Underfull \hbox (badness 10000) in paragraph at lines 843--844

 []

<tex_images/zerothorder_composite_Ridge.png, id=518, 400.49625pt x 283.0575pt>
File: tex_images/zerothorder_composite_Ridge.png Graphic file (type png)
<use tex_images/zerothorder_composite_Ridge.png>
Package pdftex.def Info: tex_images/zerothorder_composite_Ridge.png  used on in
put line 857.
(pdftex.def)             Requested size: 400.49527pt x 283.0568pt.
[19]
Underfull \hbox (badness 10000) in paragraph at lines 862--864

 []


Package natbib Warning: Citation `Nesterov2015' on page 20 undefined on input l
ine 872.


Overfull \hbox (8.57066pt too wide) detected at line 883
[]
 []

[20 <./tex_images/zerothorder_composite_Ridge.png>]

Package natbib Warning: Citation `Nesterov2015' on page 21 undefined on input l
ine 899.


Underfull \hbox (badness 10000) in paragraph at lines 917--918

 []

[21] [22]
Overfull \hbox (1.3956pt too wide) detected at line 970
[]
 []


Overfull \hbox (25.3678pt too wide) detected at line 982
[]
 []


Underfull \hbox (badness 10000) in paragraph at lines 986--987

 []

[23] [24]
Overfull \hbox (23.69359pt too wide) detected at line 1039
[]
 []


Overfull \hbox (8.09724pt too wide) detected at line 1045
[]
 []

[25]
Underfull \hbox (badness 10000) in paragraph at lines 1055--1056

 []


Underfull \hbox (badness 10000) in paragraph at lines 1060--1061

 []


Overfull \hbox (22.59172pt too wide) in paragraph at lines 1064--1075
 [] 
 []


Underfull \hbox (badness 10000) in paragraph at lines 1081--1082

 []


Package natbib Warning: Citation `Nesterov2015' on page 26 undefined on input l
ine 1083.


Underfull \hbox (badness 10000) in paragraph at lines 1083--1084

 []

[26]
Underfull \hbox (badness 10000) in paragraph at lines 1099--1100

 []


Overfull \hbox (83.77846pt too wide) detected at line 1112
[]
 []

[27]
Underfull \hbox (badness 10000) in paragraph at lines 1146--1147

 []


Overfull \hbox (44.15251pt too wide) detected at line 1156
[]
 []

[28]

Package natbib Warning: Citation `Nesterov2015' on page 29 undefined on input l
ine 1178.

[29]

Package natbib Warning: Citation `Nesterov2015' on page 30 undefined on input l
ine 1226.

[30]
Underfull \hbox (badness 10000) in paragraph at lines 1259--1260

 []


Underfull \hbox (badness 10000) in paragraph at lines 1261--1263

 []


Underfull \hbox (badness 10000) in paragraph at lines 1299--1300

 []


Underfull \hbox (badness 10000) in paragraph at lines 1301--1302

 []

[31]
Underfull \hbox (badness 10000) in paragraph at lines 1303--1304

 []


Package natbib Warning: Citation `Nesterov2015' on page 32 undefined on input l
ine 1321.


Overfull \hbox (2.26431pt too wide) detected at line 1331
[]
 []

[32]
Overfull \hbox (43.8415pt too wide) detected at line 1369
[]
 []

[33]
Underfull \hbox (badness 10000) in paragraph at lines 1387--1388

 []


Package natbib Warning: Citation `BBN2018' on page 34 undefined on input line 1
389.


Underfull \hbox (badness 10000) in paragraph at lines 1394--1395

 []


Package natbib Warning: Citation `Nesterov_2015' on page 34 undefined on input 
line 1396.


Overfull \hbox (3.39967pt too wide) detected at line 1414
[]
 []

[34]
Overfull \hbox (90.00157pt too wide) detected at line 1454
[]
 []


Overfull \hbox (3.96255pt too wide) detected at line 1462
[]
 []

[35]

Package natbib Warning: Citation `Nesterov2015' on page 36 undefined on input l
ine 1508.

[36]

Package natbib Warning: Citation `Nesterov2015' on page 37 undefined on input l
ine 1524.


Underfull \hbox (badness 10000) in paragraph at lines 1538--1539

 []


Overfull \hbox (40.50816pt too wide) detected at line 1542
[]
 []

[37]

Package natbib Warning: Citation `Nesterov2015' on page 38 undefined on input l
ine 1572.

[38]
Underfull \hbox (badness 10000) in paragraph at lines 1625--1626

 []


Package natbib Warning: Citation `Nesterov2015' on page 39 undefined on input l
ine 1627.


Underfull \hbox (badness 10000) in paragraph at lines 1634--1635

 []

[39]

Package natbib Warning: Citation `Nesterov2015' on page 40 undefined on input l
ine 1647.


Package natbib Warning: Citation `Nesterov2015' on page 40 undefined on input l
ine 1652.


Underfull \hbox (badness 10000) in paragraph at lines 1651--1653

 []


Underfull \hbox (badness 10000) in paragraph at lines 1654--1655

 []


Overfull \hbox (61.75821pt too wide) detected at line 1660
[]
 []


Underfull \hbox (badness 10000) in paragraph at lines 1662--1663

 []


Underfull \hbox (badness 10000) in paragraph at lines 1664--1665

 []


Overfull \hbox (61.20639pt too wide) detected at line 1668
[]
 []

[40]
Underfull \hbox (badness 10000) in paragraph at lines 1675--1676

 []


Underfull \hbox (badness 10000) in paragraph at lines 1677--1678

 []


Package amsmath Warning: Foreign command \atopwithdelims;
(amsmath)                \frac or \genfrac should be used instead
(amsmath)                 on input line 1681.


Underfull \hbox (badness 10000) in paragraph at lines 1689--1690

 []


Underfull \hbox (badness 10000) in paragraph at lines 1691--1692

 []


Underfull \hbox (badness 10000) in paragraph at lines 1711--1712

 []

[41]
Overfull \hbox (58.275pt too wide) in paragraph at lines 1737--1738
\OT1/cmr/m/n/10 Recall from jour-nal en-try in sub-sec-tion [][]8.3[][], we ask
ed if $\U/msb/m/n/10 E[]\OT1/cmr/m/n/10 [\OML/cmm/m/it/10 g[]\OT1/cmr/m/n/10 (\
OML/cmm/m/it/10 x\OT1/cmr/m/n/10 )] = \OMS/cmsy/m/n/10 r\OML/cmm/m/it/10 f[]\OT
1/cmr/m/n/10 (\OML/cmm/m/it/10 x\OT1/cmr/m/n/10 )$ where $\OML/cmm/m/it/10 g[]\
OT1/cmr/m/n/10 (\OML/cmm/m/it/10 x\OT1/cmr/m/n/10 ) = 2\OML/cmm/m/it/10 F\OT1/c
mr/m/n/10 (\OML/cmm/m/it/10 x\OT1/cmr/m/n/10 )[] [] \OML/cmm/m/it/10 u$
 []


Underfull \hbox (badness 10000) in paragraph at lines 1754--1755

 []

[42]
Underfull \hbox (badness 10000) in paragraph at lines 1762--1763

 []


Overfull \hbox (19.47118pt too wide) in paragraph at lines 1764--1765
[]\OT1/cmr/m/n/10 In the un-struc-tured case: $\OML/cmm/m/it/10 g[]\OT1/cmr/m/n
/10 (\OML/cmm/m/it/10 x\OT1/cmr/m/n/10 ) = []\OML/cmm/m/it/10 u$\OT1/cmr/m/n/10
 , we want to up-per-bound the term $\OMS/cmsy/m/n/10 ^^@\OT1/cmr/m/n/10 2\U/ms
b/m/n/10 E[]\OMS/cmsy/m/n/10 h\OML/cmm/m/it/10 g[]\OT1/cmr/m/n/10 (\OML/cmm/m/i
t/10 x\OT1/cmr/m/n/10 )\OML/cmm/m/it/10 ; \OMS/cmsy/m/n/10 r\OML/cmm/m/it/10 f\
OT1/cmr/m/n/10 (\OML/cmm/m/it/10 x\OT1/cmr/m/n/10 )\OMS/cmsy/m/n/10 i$\OT1/cmr/
m/n/10 .
 []


Underfull \hbox (badness 10000) in paragraph at lines 1770--1771

 []


Package natbib Warning: Citation `Nesterov2015' on page 43 undefined on input l
ine 1786.


Overfull \hbox (27.81111pt too wide) detected at line 1808
[]
 []

[43]

Package natbib Warning: Citation `Nesterov2015' on page 44 undefined on input l
ine 1810.


Underfull \hbox (badness 10000) in paragraph at lines 1810--1811

 []


Package natbib Warning: Citation `Nesterov2015' on page 44 undefined on input l
ine 1812.


Underfull \hbox (badness 10000) in paragraph at lines 1812--1813

 []


Underfull \hbox (badness 10000) in paragraph at lines 1814--1815

 []


Underfull \hbox (badness 10000) in paragraph at lines 1816--1817

 []


Underfull \hbox (badness 10000) in paragraph at lines 1819--1820

 []


Underfull \hbox (badness 10000) in paragraph at lines 1821--1822

 []


Underfull \hbox (badness 10000) in paragraph at lines 1823--1824

 []


Overfull \hbox (40.31734pt too wide) in paragraph at lines 1826--1827
[]\OT1/cmr/bx/n/10 Theorem 40. []\OT1/cmr/m/it/10 For no-ta-tional con-veni-cen
ce, de-fine $\OML/cmm/m/it/10 C\OT1/cmr/m/n/10 (\OML/cmm/m/it/10 f\OT1/cmr/m/n/
10 ) := []$\OT1/cmr/m/it/10 . As-sume $\OML/cmm/m/it/10 g[]\OT1/cmr/m/n/10 (\OM
L/cmm/m/it/10 x\OT1/cmr/m/n/10 ) = 2\OML/cmm/m/it/10 F\OT1/cmr/m/n/10 (\OML/cmm
/m/it/10 x\OT1/cmr/m/n/10 )[] []$
 []


Underfull \hbox (badness 10000) in paragraph at lines 1838--1839

 []


Overfull \hbox (38.8775pt too wide) detected at line 1851
[]
 []

[44] [45]
Underfull \hbox (badness 10000) in paragraph at lines 1888--1890

 []


Underfull \hbox (badness 10000) in paragraph at lines 1914--1915

 []


Underfull \hbox (badness 10000) in paragraph at lines 1928--1929

 []

[46]
Underfull \hbox (badness 10000) in paragraph at lines 1946--1947

 []


Overfull \hbox (17.54965pt too wide) detected at line 1952
[]
 []


Underfull \hbox (badness 10000) in paragraph at lines 1954--1955

 []


Underfull \hbox (badness 10000) in paragraph at lines 1956--1957

 []


Underfull \hbox (badness 10000) in paragraph at lines 1958--1959

 []

[47]
Underfull \hbox (badness 10000) in paragraph at lines 1973--1974

 []


Underfull \hbox (badness 10000) in paragraph at lines 1987--1988

 []


Underfull \hbox (badness 10000) in paragraph at lines 1990--1991

 []


Underfull \hbox (badness 10000) in paragraph at lines 1992--1993

 []


Underfull \hbox (badness 10000) in paragraph at lines 2003--2004

 []

[48]
<tex_images/4thSchemeLS.png, id=852, 395.4775pt x 283.0575pt>
File: tex_images/4thSchemeLS.png Graphic file (type png)
<use tex_images/4thSchemeLS.png>
Package pdftex.def Info: tex_images/4thSchemeLS.png  used on input line 2011.
(pdftex.def)             Requested size: 197.73827pt x 141.5284pt.
<tex_images/4thSchemeRosenbrock.png, id=853, 395.4775pt x 283.0575pt>
File: tex_images/4thSchemeRosenbrock.png Graphic file (type png)
<use tex_images/4thSchemeRosenbrock.png>
Package pdftex.def Info: tex_images/4thSchemeRosenbrock.png  used on input line
 2015.
(pdftex.def)             Requested size: 197.73827pt x 141.5284pt.

Underfull \hbox (badness 10000) in paragraph at lines 2019--2020

 []


Underfull \hbox (badness 10000) in paragraph at lines 2039--2040

 []


Overfull \hbox (22.23912pt too wide) detected at line 2065
[]
 []

[49 <./tex_images/4thSchemeLS.png> <./tex_images/4thSchemeRosenbrock.png>]
Underfull \hbox (badness 10000) in paragraph at lines 2073--2074

 []


Package natbib Warning: Citation `Nesterov2015' on page 50 undefined on input l
ine 2080.

[50]
Overfull \hbox (43.82794pt too wide) detected at line 2119
[]
 []


Underfull \hbox (badness 10000) in paragraph at lines 2124--2125

 []


Overfull \hbox (41.89565pt too wide) detected at line 2134
[]
 []


Package natbib Warning: Citation `Nesterov2015' on page 51 undefined on input l
ine 2142.

[51]
Underfull \hbox (badness 10000) in paragraph at lines 2166--2167

 []


Underfull \hbox (badness 10000) in paragraph at lines 2205--2206

 []

[52]
Underfull \hbox (badness 10000) in paragraph at lines 2207--2208

 []


Underfull \hbox (badness 10000) in paragraph at lines 2219--2221

 []


Underfull \hbox (badness 10000) in paragraph at lines 2222--2223

 []


Underfull \hbox (badness 10000) in paragraph at lines 2234--2235

 []


Overfull \hbox (41.89565pt too wide) detected at line 2238
[]
 []


Underfull \hbox (badness 10000) in paragraph at lines 2242--2243

 []

[53]
Overfull \hbox (5.84807pt too wide) detected at line 2278
\U/msb/m/n/10 E[] [] \OMS/cmsy/m/n/10 ^^T \OML/cmm/m/it/10 f\OT1/cmr/m/n/10 (\O
ML/cmm/m/it/10 x[]\OT1/cmr/m/n/10 ) \OMS/cmsy/m/n/10 ^^@ \OML/cmm/m/it/10 h\OMS
/cmsy/m/n/10 hr\OML/cmm/m/it/10 f\OT1/cmr/m/n/10 (\OML/cmm/m/it/10 x[]\OT1/cmr/
m/n/10 )\OML/cmm/m/it/10 ; \U/msb/m/n/10 E[] []\OMS/cmsy/m/n/10 i \OT1/cmr/m/n/
10 + []\OML/cmm/m/it/10 h[]L[] [] :
 []

[54]
Underfull \hbox (badness 10000) in paragraph at lines 2306--2307

 []

No file journal.bbl.

Package natbib Warning: There were undefined citations.

Package atveryend Info: Empty hook `BeforeClearDocument' on input line 2313.
[55]
Package atveryend Info: Empty hook `AfterLastShipout' on input line 2313.
 (./journal.aux)
Package atveryend Info: Executing hook `AtVeryEndDocument' on input line 2313.
Package atveryend Info: Executing hook `AtEndAfterFileList' on input line 2313.

Package rerunfilecheck Info: File `journal.out' has not changed.
(rerunfilecheck)             Checksum: 643597848419F87D3B6C8AB4D6FDF705;4254.
Package atveryend Info: Empty hook `AtVeryVeryEnd' on input line 2313.
 ) 
Here is how much of TeX's memory you used:
 12042 strings out of 480608
 197539 string characters out of 5903631
 643680 words of memory out of 5000000
 27325 multiletter control sequences out of 15000+600000
 547018 words of font info for 77 fonts, out of 8000000 for 9000
 1141 hyphenation exceptions out of 8191
 39i,16n,47p,1658b,471s stack positions out of 5000i,500n,10000p,200000b,80000s
{/usr/local/texlive/2020/texmf-dist/fonts/enc/dvips/cm-super/cm-super-ts1.enc
}</usr/local/texlive/2020/texmf-dist/fonts/type1/public/amsfonts/cm/cmbx10.pfb>
</usr/local/texlive/2020/texmf-dist/fonts/type1/public/amsfonts/cm/cmbx12.pfb><
/usr/local/texlive/2020/texmf-dist/fonts/type1/public/amsfonts/cm/cmbx7.pfb></u
sr/local/texlive/2020/texmf-dist/fonts/type1/public/amsfonts/cm/cmbxti10.pfb></
usr/local/texlive/2020/texmf-dist/fonts/type1/public/amsfonts/cm/cmex10.pfb></u
sr/local/texlive/2020/texmf-dist/fonts/type1/public/amsfonts/cmextra/cmex7.pfb>
</usr/local/texlive/2020/texmf-dist/fonts/type1/public/amsfonts/cm/cmmi10.pfb><
/usr/local/texlive/2020/texmf-dist/fonts/type1/public/amsfonts/cm/cmmi5.pfb></u
sr/local/texlive/2020/texmf-dist/fonts/type1/public/amsfonts/cm/cmmi7.pfb></usr
/local/texlive/2020/texmf-dist/fonts/type1/public/amsfonts/cm/cmmib10.pfb></usr
/local/texlive/2020/texmf-dist/fonts/type1/public/amsfonts/cmextra/cmmib7.pfb><
/usr/local/texlive/2020/texmf-dist/fonts/type1/public/amsfonts/cm/cmr10.pfb></u
sr/local/texlive/2020/texmf-dist/fonts/type1/public/amsfonts/cm/cmr12.pfb></usr
/local/texlive/2020/texmf-dist/fonts/type1/public/amsfonts/cm/cmr17.pfb></usr/l
ocal/texlive/2020/texmf-dist/fonts/type1/public/amsfonts/cm/cmr5.pfb></usr/loca
l/texlive/2020/texmf-dist/fonts/type1/public/amsfonts/cm/cmr6.pfb></usr/local/t
exlive/2020/texmf-dist/fonts/type1/public/amsfonts/cm/cmr7.pfb></usr/local/texl
ive/2020/texmf-dist/fonts/type1/public/amsfonts/cm/cmr8.pfb></usr/local/texlive
/2020/texmf-dist/fonts/type1/public/amsfonts/cm/cmsy10.pfb></usr/local/texlive/
2020/texmf-dist/fonts/type1/public/amsfonts/cm/cmsy5.pfb></usr/local/texlive/20
20/texmf-dist/fonts/type1/public/amsfonts/cm/cmsy7.pfb></usr/local/texlive/2020
/texmf-dist/fonts/type1/public/amsfonts/cm/cmti10.pfb></usr/local/texlive/2020/
texmf-dist/fonts/type1/public/amsfonts/cm/cmtt10.pfb></usr/local/texlive/2020/t
exmf-dist/fonts/type1/public/amsfonts/symbols/msbm10.pfb></usr/local/texlive/20
20/texmf-dist/fonts/type1/public/amsfonts/symbols/msbm7.pfb></usr/local/texlive
/2020/texmf-dist/fonts/type1/public/cm-super/sfrm1000.pfb>
Output written on journal.pdf (55 pages, 554939 bytes).
PDF statistics:
 1092 PDF objects out of 1200 (max. 8388607)
 989 compressed objects within 10 object streams
 384 named destinations out of 1000 (max. 500000)
 554 words of extra memory for PDF output out of 10000 (max. 10000000)

