\BOOKMARK [1][-]{section.1}{Week 1: June 15}{}% 1
\BOOKMARK [2][-]{subsection.1.1}{Research Aims}{section.1}% 2
\BOOKMARK [3][-]{subsubsection.1.1.1}{First Steps}{subsection.1.1}% 3
\BOOKMARK [2][-]{subsection.1.2}{Logistics}{section.1}% 4
\BOOKMARK [3][-]{subsubsection.1.2.1}{Workday}{subsection.1.2}% 5
\BOOKMARK [3][-]{subsubsection.1.2.2}{Meetings}{subsection.1.2}% 6
\BOOKMARK [3][-]{subsubsection.1.2.3}{Repository}{subsection.1.2}% 7
\BOOKMARK [2][-]{subsection.1.3}{Anthony's Mathematical Journal}{section.1}% 8
\BOOKMARK [3][-]{subsubsection.1.3.1}{Paper 1: Random Gradient-Free Minimization of Convex Functions}{subsection.1.3}% 9
\BOOKMARK [3][-]{subsubsection.1.3.2}{Paper 2: An Optimal Algorithm for Bandit and Zero-Order Convex Optimization with Two-Point Feedback}{subsection.1.3}% 10
\BOOKMARK [3][-]{subsubsection.1.3.3}{Paper 3: Optimization of Convex Functions with Random Pursuit*}{subsection.1.3}% 11
\BOOKMARK [1][-]{section.2}{Week 2: June 22}{}% 12
\BOOKMARK [2][-]{subsubsection.2.0.1}{Approaches:}{section.2}% 13
\BOOKMARK [3][-]{subsubsection.2.0.2}{June 24:}{subsubsection.2.0.1}% 14
\BOOKMARK [3][-]{subsubsection.2.0.3}{June 25:}{subsubsection.2.0.1}% 15
\BOOKMARK [3][-]{subsubsection.2.0.4}{June 26:}{subsubsection.2.0.1}% 16
\BOOKMARK [1][-]{section.3}{Week 3: June 29}{}% 17
\BOOKMARK [2][-]{subsubsection.3.0.1}{June 29:}{section.3}% 18
\BOOKMARK [3][-]{subsubsection.3.0.2}{June 30:}{subsubsection.3.0.1}% 19
\BOOKMARK [3][-]{subsubsection.3.0.3}{July 1:}{subsubsection.3.0.1}% 20
\BOOKMARK [3][-]{subsubsection.3.0.4}{July 2:}{subsubsection.3.0.1}% 21
\BOOKMARK [1][-]{section.4}{Week 4: July 6}{}% 22
\BOOKMARK [2][-]{subsubsection.4.0.1}{July 6:}{section.4}% 23
\BOOKMARK [3][-]{subsubsection.4.0.2}{July 7:}{subsubsection.4.0.1}% 24
\BOOKMARK [3][-]{subsubsection.4.0.3}{July 8:}{subsubsection.4.0.1}% 25
\BOOKMARK [3][-]{subsubsection.4.0.4}{July 9:}{subsubsection.4.0.1}% 26
\BOOKMARK [2][-]{subsection.4.1}{July 10}{section.4}% 27
\BOOKMARK [1][-]{section.5}{Week 5: July 13}{}% 28
\BOOKMARK [2][-]{subsection.5.1}{July 13}{section.5}% 29
\BOOKMARK [2][-]{subsection.5.2}{July 14}{section.5}% 30
\BOOKMARK [2][-]{subsection.5.3}{July 15}{section.5}% 31
\BOOKMARK [1][-]{section.6}{Week 6: July 20}{}% 32
\BOOKMARK [2][-]{subsection.6.1}{July 20}{section.6}% 33
\BOOKMARK [2][-]{subsection.6.2}{July 21}{section.6}% 34
\BOOKMARK [2][-]{subsection.6.3}{July 22}{section.6}% 35
\BOOKMARK [2][-]{subsection.6.4}{July 23}{section.6}% 36
\BOOKMARK [2][-]{subsection.6.5}{July 24}{section.6}% 37
\BOOKMARK [1][-]{section.7}{Week 7: July 27}{}% 38
\BOOKMARK [2][-]{subsection.7.1}{July 27}{section.7}% 39
\BOOKMARK [2][-]{subsection.7.2}{July 28}{section.7}% 40
\BOOKMARK [2][-]{subsection.7.3}{July 29}{section.7}% 41
\BOOKMARK [2][-]{subsection.7.4}{July 30}{section.7}% 42
\BOOKMARK [2][-]{subsection.7.5}{July 31}{section.7}% 43
\BOOKMARK [1][-]{section.8}{Week 8: August 3}{}% 44
\BOOKMARK [2][-]{subsection.8.1}{August 3}{section.8}% 45
\BOOKMARK [2][-]{subsection.8.2}{August 4}{section.8}% 46
\BOOKMARK [2][-]{subsection.8.3}{August 5}{section.8}% 47
\BOOKMARK [2][-]{subsection.8.4}{August 6}{section.8}% 48
\BOOKMARK [2][-]{subsection.8.5}{August 7}{section.8}% 49
\BOOKMARK [1][-]{section.9}{Week 9: August 10}{}% 50
\BOOKMARK [2][-]{subsection.9.1}{August 10}{section.9}% 51
\BOOKMARK [2][-]{subsection.9.2}{August 11}{section.9}% 52
\BOOKMARK [2][-]{subsection.9.3}{August 12}{section.9}% 53
\BOOKMARK [2][-]{subsection.9.4}{August 13}{section.9}% 54
\BOOKMARK [2][-]{subsection.9.5}{August 14}{section.9}% 55
\BOOKMARK [1][-]{section.10}{Week 10: August 17}{}% 56
\BOOKMARK [2][-]{subsection.10.1}{August 17}{section.10}% 57
\BOOKMARK [2][-]{subsection.10.2}{August 18}{section.10}% 58
\BOOKMARK [3][-]{subsubsection.10.2.1}{Quick Note from Matt}{subsection.10.2}% 59
\BOOKMARK [2][-]{subsection.10.3}{August 19}{section.10}% 60
\BOOKMARK [2][-]{subsection.10.4}{August 20}{section.10}% 61
\BOOKMARK [1][-]{section.11}{Week 11: August 24}{}% 62
\BOOKMARK [2][-]{subsection.11.1}{August 24}{section.11}% 63
\BOOKMARK [2][-]{subsection.11.2}{August 25:}{section.11}% 64
\BOOKMARK [2][-]{subsection.11.3}{A Note from Matt}{section.11}% 65
\BOOKMARK [2][-]{subsection.11.4}{Closing Remarks:}{section.11}% 66
